build/app/intermediates/manifest_merge_blame_file/debug/manifest-merger-blame-debug-report.txt
1<?xml version="1.0" encoding="utf-8"?>
2<manifest xmlns:android="http://schemas.android.com/apk/res/android"
3    package="com.example.shopsy"
4    android:versionCode="1"
5    android:versionName="1.0.0" >
6
7    <uses-sdk
8        android:minSdkVersion="21"
9        android:targetSdkVersion="30" />
10    <!--
11         Flutter needs it to communicate with the running application
12         to allow setting breakpoints, to provide hot reload, etc.
13    -->
14    <uses-permission android:name="android.permission.INTERNET" />
14-->src\debug\AndroidManifest.xml:6:5-66
14-->src\debug\AndroidManifest.xml:6:22-64
15    <!-- See https://developer.android.com/training/package-visibility/declaring for more details. -->
16    <queries>
16-->[com.stripe:payments-core:18.1.0] AndroidManifest.xml:10:5-14:15
17
18        <!-- Added to check if Chrome is installed for browser-based payment authentication (e.g. 3DS1). -->
19        <package android:name="com.android.chrome" />
19-->[com.stripe:payments-core:18.1.0] AndroidManifest.xml:13:9-54
19-->[com.stripe:payments-core:18.1.0] AndroidManifest.xml:13:18-51
20    </queries>
21
22    <uses-permission android:name="android.permission.ACCESS_NETWORK_STATE" />
22-->[com.google.firebase:firebase-auth:21.0.1] AndroidManifest.xml:24:5-79
22-->[com.google.firebase:firebase-auth:21.0.1] AndroidManifest.xml:24:22-76
23    <uses-permission android:name="android.permission.WAKE_LOCK" />
23-->[com.google.android.gms:play-services-measurement-api:19.0.2] AndroidManifest.xml:24:5-68
23-->[com.google.android.gms:play-services-measurement-api:19.0.2] AndroidManifest.xml:24:22-65
24    <uses-permission android:name="com.google.android.finsky.permission.BIND_GET_INSTALL_REFERRER_SERVICE" />
24-->[com.google.android.gms:play-services-measurement:19.0.2] AndroidManifest.xml:26:5-110
24-->[com.google.android.gms:play-services-measurement:19.0.2] AndroidManifest.xml:26:22-107
25
26    <uses-feature
26-->[com.google.android.gms:play-services-maps:17.0.0] AndroidManifest.xml:26:5-28:35
27        android:glEsVersion="0x00020000"
27-->[com.google.android.gms:play-services-maps:17.0.0] AndroidManifest.xml:27:9-41
28        android:required="true" />
28-->[com.google.android.gms:play-services-maps:17.0.0] AndroidManifest.xml:28:9-32
29
30    <application
30-->src\main\AndroidManifest.xml:3:4-40:19
31        android:appComponentFactory="androidx.core.app.CoreComponentFactory"
31-->[androidx.core:core:1.6.0] AndroidManifest.xml:24:18-86
32        android:debuggable="true"
33        android:icon="@mipmap/ic_launcher"
33-->src\main\AndroidManifest.xml:5:9-43
34        android:label="shopsy" >
34-->src\main\AndroidManifest.xml:4:9-31
35        <activity
35-->src\main\AndroidManifest.xml:6:9-34:20
36            android:name="com.example.shopsy.MainActivity"
36-->src\main\AndroidManifest.xml:7:13-41
37            android:configChanges="orientation|keyboardHidden|keyboard|screenSize|smallestScreenSize|locale|layoutDirection|fontScale|screenLayout|density|uiMode"
37-->src\main\AndroidManifest.xml:10:13-163
38            android:hardwareAccelerated="true"
38-->src\main\AndroidManifest.xml:11:13-47
39            android:launchMode="singleTop"
39-->src\main\AndroidManifest.xml:8:13-43
40            android:theme="@style/LaunchTheme"
40-->src\main\AndroidManifest.xml:9:13-47
41            android:windowSoftInputMode="adjustResize" >
41-->src\main\AndroidManifest.xml:12:13-55
42
43            <!--
44                 Specifies an Android theme to apply to this Activity as soon as
45                 the Android process has started. This theme is visible to the user
46                 while the Flutter UI initializes. After that, this theme continues
47                 to determine the Window background behind the Flutter UI.
48            -->
49            <meta-data
49-->src\main\AndroidManifest.xml:17:13-20:17
50                android:name="io.flutter.embedding.android.NormalTheme"
50-->src\main\AndroidManifest.xml:18:15-70
51                android:resource="@style/NormalTheme" />
51-->src\main\AndroidManifest.xml:19:15-52
52            <!--
53                 Displays an Android View that continues showing the launch screen
54                 Drawable until Flutter paints its first frame, then this splash
55                 screen fades out. A splash screen is useful to avoid any visual
56                 gap between the end of Android's launch screen and the painting of
57                 Flutter's first frame.
58            -->
59            <meta-data
59-->src\main\AndroidManifest.xml:26:13-29:17
60                android:name="io.flutter.embedding.android.SplashScreenDrawable"
60-->src\main\AndroidManifest.xml:27:15-79
61                android:resource="@drawable/launch_background" />
61-->src\main\AndroidManifest.xml:28:15-61
62
63            <intent-filter>
63-->src\main\AndroidManifest.xml:30:13-33:29
64                <action android:name="android.intent.action.MAIN" />
64-->src\main\AndroidManifest.xml:31:17-68
64-->src\main\AndroidManifest.xml:31:25-66
65
66                <category android:name="android.intent.category.LAUNCHER" />
66-->src\main\AndroidManifest.xml:32:17-76
66-->src\main\AndroidManifest.xml:32:27-74
67            </intent-filter>
68        </activity>
69        <!--
70             Don't delete the meta-data below.
71             This is used by the Flutter tool to generate GeneratedPluginRegistrant.java
72        -->
73        <meta-data
73-->src\main\AndroidManifest.xml:37:9-39:33
74            android:name="flutterEmbedding"
74-->src\main\AndroidManifest.xml:38:13-44
75            android:value="2" />
75-->src\main\AndroidManifest.xml:39:13-30
76
77        <service
77-->[:firebase_auth] AndroidManifest.xml:8:9-12:19
78            android:name="com.google.firebase.components.ComponentDiscoveryService"
78-->[:firebase_auth] AndroidManifest.xml:8:18-89
79            android:directBootAware="true"
79-->[com.google.firebase:firebase-common:20.0.0] AndroidManifest.xml:35:13-43
80            android:exported="false" >
80-->[com.google.firebase:firebase-auth:21.0.1] AndroidManifest.xml:76:13-37
81            <meta-data
81-->[:firebase_auth] AndroidManifest.xml:9:13-11:85
82                android:name="com.google.firebase.components:io.flutter.plugins.firebase.auth.FlutterFirebaseAuthRegistrar"
82-->[:firebase_auth] AndroidManifest.xml:10:17-124
83                android:value="com.google.firebase.components.ComponentRegistrar" />
83-->[:firebase_auth] AndroidManifest.xml:11:17-82
84            <meta-data
84-->[:cloud_firestore] AndroidManifest.xml:9:13-11:85
85                android:name="com.google.firebase.components:io.flutter.plugins.firebase.firestore.FlutterFirebaseFirestoreRegistrar"
85-->[:cloud_firestore] AndroidManifest.xml:10:17-134
86                android:value="com.google.firebase.components.ComponentRegistrar" />
86-->[:cloud_firestore] AndroidManifest.xml:11:17-82
87            <meta-data
87-->[:firebase_core] AndroidManifest.xml:9:13-11:85
88                android:name="com.google.firebase.components:io.flutter.plugins.firebase.core.FlutterFirebaseCoreRegistrar"
88-->[:firebase_core] AndroidManifest.xml:10:17-124
89                android:value="com.google.firebase.components.ComponentRegistrar" />
89-->[:firebase_core] AndroidManifest.xml:11:17-82
90            <meta-data
90-->[com.google.firebase:firebase-auth:21.0.1] AndroidManifest.xml:77:13-79:85
91                android:name="com.google.firebase.components:com.google.firebase.auth.FirebaseAuthRegistrar"
91-->[com.google.firebase:firebase-auth:21.0.1] AndroidManifest.xml:78:17-109
92                android:value="com.google.firebase.components.ComponentRegistrar" />
92-->[com.google.firebase:firebase-auth:21.0.1] AndroidManifest.xml:79:17-82
93            <meta-data
93-->[com.google.firebase:firebase-firestore:23.0.4] AndroidManifest.xml:20:13-22:85
94                android:name="com.google.firebase.components:com.google.firebase.firestore.FirestoreRegistrar"
94-->[com.google.firebase:firebase-firestore:23.0.4] AndroidManifest.xml:21:17-111
95                android:value="com.google.firebase.components.ComponentRegistrar" />
95-->[com.google.firebase:firebase-firestore:23.0.4] AndroidManifest.xml:22:17-82
96            <meta-data
96-->[com.google.android.gms:play-services-measurement-api:19.0.2] AndroidManifest.xml:30:13-32:85
97                android:name="com.google.firebase.components:com.google.firebase.analytics.connector.internal.AnalyticsConnectorRegistrar"
97-->[com.google.android.gms:play-services-measurement-api:19.0.2] AndroidManifest.xml:31:17-139
98                android:value="com.google.firebase.components.ComponentRegistrar" />
98-->[com.google.android.gms:play-services-measurement-api:19.0.2] AndroidManifest.xml:32:17-82
99            <meta-data
99-->[com.google.firebase:firebase-installations:17.0.0] AndroidManifest.xml:18:13-20:85
100                android:name="com.google.firebase.components:com.google.firebase.installations.FirebaseInstallationsRegistrar"
100-->[com.google.firebase:firebase-installations:17.0.0] AndroidManifest.xml:19:17-127
101                android:value="com.google.firebase.components.ComponentRegistrar" />
101-->[com.google.firebase:firebase-installations:17.0.0] AndroidManifest.xml:20:17-82
102        </service>
103
104        <activity
104-->[com.stripe:paymentsheet:18.1.0] AndroidManifest.xml:10:9-13:69
105            android:name="com.stripe.android.paymentsheet.PaymentSheetActivity"
105-->[com.stripe:paymentsheet:18.1.0] AndroidManifest.xml:11:13-80
106            android:exported="false"
106-->[com.stripe:paymentsheet:18.1.0] AndroidManifest.xml:12:13-37
107            android:theme="@style/StripePaymentSheetDefaultTheme" />
107-->[com.stripe:paymentsheet:18.1.0] AndroidManifest.xml:13:13-66
108        <activity
108-->[com.stripe:paymentsheet:18.1.0] AndroidManifest.xml:14:9-17:69
109            android:name="com.stripe.android.paymentsheet.PaymentOptionsActivity"
109-->[com.stripe:paymentsheet:18.1.0] AndroidManifest.xml:15:13-82
110            android:exported="false"
110-->[com.stripe:paymentsheet:18.1.0] AndroidManifest.xml:16:13-37
111            android:theme="@style/StripePaymentSheetDefaultTheme" />
111-->[com.stripe:paymentsheet:18.1.0] AndroidManifest.xml:17:13-66
112        <activity
112-->[com.stripe:payments-core:18.1.0] AndroidManifest.xml:17:9-20:57
113            android:name="com.stripe.android.view.AddPaymentMethodActivity"
113-->[com.stripe:payments-core:18.1.0] AndroidManifest.xml:18:13-76
114            android:exported="false"
114-->[com.stripe:payments-core:18.1.0] AndroidManifest.xml:19:13-37
115            android:theme="@style/StripeDefaultTheme" />
115-->[com.stripe:payments-core:18.1.0] AndroidManifest.xml:20:13-54
116        <activity
116-->[com.stripe:payments-core:18.1.0] AndroidManifest.xml:21:9-24:57
117            android:name="com.stripe.android.view.PaymentMethodsActivity"
117-->[com.stripe:payments-core:18.1.0] AndroidManifest.xml:22:13-74
118            android:exported="false"
118-->[com.stripe:payments-core:18.1.0] AndroidManifest.xml:23:13-37
119            android:theme="@style/StripeDefaultTheme" />
119-->[com.stripe:payments-core:18.1.0] AndroidManifest.xml:24:13-54
120        <activity
120-->[com.stripe:payments-core:18.1.0] AndroidManifest.xml:25:9-28:57
121            android:name="com.stripe.android.view.PaymentFlowActivity"
121-->[com.stripe:payments-core:18.1.0] AndroidManifest.xml:26:13-71
122            android:exported="false"
122-->[com.stripe:payments-core:18.1.0] AndroidManifest.xml:27:13-37
123            android:theme="@style/StripeDefaultTheme" />
123-->[com.stripe:payments-core:18.1.0] AndroidManifest.xml:28:13-54
124        <activity
124-->[com.stripe:payments-core:18.1.0] AndroidManifest.xml:29:9-33:58
125            android:name="com.stripe.android.view.PaymentAuthWebViewActivity"
125-->[com.stripe:payments-core:18.1.0] AndroidManifest.xml:30:13-78
126            android:exported="false"
126-->[com.stripe:payments-core:18.1.0] AndroidManifest.xml:31:13-37
127            android:theme="@style/StripeDefaultTheme"
127-->[com.stripe:payments-core:18.1.0] AndroidManifest.xml:32:13-54
128            android:windowSoftInputMode="adjustResize" />
128-->[com.stripe:payments-core:18.1.0] AndroidManifest.xml:33:13-55
129        <activity
129-->[com.stripe:payments-core:18.1.0] AndroidManifest.xml:34:9-37:61
130            android:name="com.stripe.android.view.PaymentRelayActivity"
130-->[com.stripe:payments-core:18.1.0] AndroidManifest.xml:35:13-72
131            android:exported="false"
131-->[com.stripe:payments-core:18.1.0] AndroidManifest.xml:36:13-37
132            android:theme="@style/StripeTransparentTheme" />
132-->[com.stripe:payments-core:18.1.0] AndroidManifest.xml:37:13-58
133        <!--
134        Set android:launchMode="singleTop" so that the StripeBrowserLauncherActivity instance that
135        launched the browser Activity will also handle the return URL deep link.
136        -->
137        <activity
137-->[com.stripe:payments-core:18.1.0] AndroidManifest.xml:43:9-60:20
138            android:name="com.stripe.android.payments.StripeBrowserLauncherActivity"
138-->[com.stripe:payments-core:18.1.0] AndroidManifest.xml:44:13-85
139            android:exported="true"
139-->[com.stripe:payments-core:18.1.0] AndroidManifest.xml:45:13-36
140            android:launchMode="singleTask"
140-->[com.stripe:payments-core:18.1.0] AndroidManifest.xml:46:13-44
141            android:theme="@style/StripeTransparentTheme" >
141-->[com.stripe:payments-core:18.1.0] AndroidManifest.xml:47:13-58
142            <intent-filter>
142-->[com.stripe:payments-core:18.1.0] AndroidManifest.xml:48:13-59:29
143                <action android:name="android.intent.action.VIEW" />
143-->[com.stripe:payments-core:18.1.0] AndroidManifest.xml:49:17-69
143-->[com.stripe:payments-core:18.1.0] AndroidManifest.xml:49:25-66
144
145                <category android:name="android.intent.category.DEFAULT" />
145-->[com.stripe:payments-core:18.1.0] AndroidManifest.xml:51:17-76
145-->[com.stripe:payments-core:18.1.0] AndroidManifest.xml:51:27-73
146                <category android:name="android.intent.category.BROWSABLE" />
146-->[com.stripe:payments-core:18.1.0] AndroidManifest.xml:52:17-78
146-->[com.stripe:payments-core:18.1.0] AndroidManifest.xml:52:27-75
147
148                <!-- Must match `DefaultReturnUrl#value`. -->
149                <data
149-->[com.stripe:payments-core:18.1.0] AndroidManifest.xml:55:17-58:50
150                    android:host="payment_return_url"
150-->[com.stripe:payments-core:18.1.0] AndroidManifest.xml:56:21-54
151                    android:path="/com.example.shopsy"
151-->[com.stripe:payments-core:18.1.0] AndroidManifest.xml:57:21-53
152                    android:scheme="stripesdk" />
152-->[com.stripe:payments-core:18.1.0] AndroidManifest.xml:58:21-47
153            </intent-filter>
154        </activity>
155        <activity
155-->[com.stripe:payments-core:18.1.0] AndroidManifest.xml:61:9-64:57
156            android:name="com.stripe.android.payments.core.authentication.threeds2.Stripe3ds2TransactionActivity"
156-->[com.stripe:payments-core:18.1.0] AndroidManifest.xml:62:13-114
157            android:exported="false"
157-->[com.stripe:payments-core:18.1.0] AndroidManifest.xml:63:13-37
158            android:theme="@style/StripeDefaultTheme" />
158-->[com.stripe:payments-core:18.1.0] AndroidManifest.xml:64:13-54
159        <activity
159-->[com.stripe:payments-core:18.1.0] AndroidManifest.xml:65:9-68:66
160            android:name="com.stripe.android.googlepaylauncher.StripeGooglePayActivity"
160-->[com.stripe:payments-core:18.1.0] AndroidManifest.xml:66:13-88
161            android:exported="false"
161-->[com.stripe:payments-core:18.1.0] AndroidManifest.xml:67:13-37
162            android:theme="@style/StripeGooglePayDefaultTheme" />
162-->[com.stripe:payments-core:18.1.0] AndroidManifest.xml:68:13-63
163        <activity
163-->[com.stripe:payments-core:18.1.0] AndroidManifest.xml:69:9-72:66
164            android:name="com.stripe.android.googlepaylauncher.GooglePayLauncherActivity"
164-->[com.stripe:payments-core:18.1.0] AndroidManifest.xml:70:13-90
165            android:exported="false"
165-->[com.stripe:payments-core:18.1.0] AndroidManifest.xml:71:13-37
166            android:theme="@style/StripeGooglePayDefaultTheme" />
166-->[com.stripe:payments-core:18.1.0] AndroidManifest.xml:72:13-63
167        <activity
167-->[com.stripe:payments-core:18.1.0] AndroidManifest.xml:73:9-76:66
168            android:name="com.stripe.android.googlepaylauncher.GooglePayPaymentMethodLauncherActivity"
168-->[com.stripe:payments-core:18.1.0] AndroidManifest.xml:74:13-103
169            android:exported="false"
169-->[com.stripe:payments-core:18.1.0] AndroidManifest.xml:75:13-37
170            android:theme="@style/StripeGooglePayDefaultTheme" />
170-->[com.stripe:payments-core:18.1.0] AndroidManifest.xml:76:13-63
171        <activity
171-->[com.stripe:payments-core:18.1.0] AndroidManifest.xml:77:9-80:62
172            android:name="com.stripe.android.payments.paymentlauncher.PaymentLauncherConfirmationActivity"
172-->[com.stripe:payments-core:18.1.0] AndroidManifest.xml:78:13-107
173            android:exported="false"
173-->[com.stripe:payments-core:18.1.0] AndroidManifest.xml:79:13-37
174            android:theme="@style/PayLauncherDefaultTheme" />
174-->[com.stripe:payments-core:18.1.0] AndroidManifest.xml:80:13-59
175        <activity
175-->[com.stripe:stripe-3ds2-android:6.1.2] AndroidManifest.xml:10:9-13:54
176            android:name="com.stripe.android.stripe3ds2.views.ChallengeActivity"
176-->[com.stripe:stripe-3ds2-android:6.1.2] AndroidManifest.xml:11:13-81
177            android:exported="false"
177-->[com.stripe:stripe-3ds2-android:6.1.2] AndroidManifest.xml:12:13-37
178            android:theme="@style/Stripe3DS2Theme" />
178-->[com.stripe:stripe-3ds2-android:6.1.2] AndroidManifest.xml:13:13-51
179        <activity
179-->[com.google.firebase:firebase-auth:21.0.1] AndroidManifest.xml:27:9-44:20
180            android:name="com.google.firebase.auth.internal.GenericIdpActivity"
180-->[com.google.firebase:firebase-auth:21.0.1] AndroidManifest.xml:28:13-80
181            android:excludeFromRecents="true"
181-->[com.google.firebase:firebase-auth:21.0.1] AndroidManifest.xml:29:13-46
182            android:exported="true"
182-->[com.google.firebase:firebase-auth:21.0.1] AndroidManifest.xml:30:13-36
183            android:launchMode="singleTask"
183-->[com.google.firebase:firebase-auth:21.0.1] AndroidManifest.xml:31:13-44
184            android:theme="@android:style/Theme.Translucent.NoTitleBar" >
184-->[com.google.firebase:firebase-auth:21.0.1] AndroidManifest.xml:32:13-72
185            <intent-filter>
185-->[com.google.firebase:firebase-auth:21.0.1] AndroidManifest.xml:33:13-43:29
186                <action android:name="android.intent.action.VIEW" />
186-->[com.stripe:payments-core:18.1.0] AndroidManifest.xml:49:17-69
186-->[com.stripe:payments-core:18.1.0] AndroidManifest.xml:49:25-66
187
188                <category android:name="android.intent.category.DEFAULT" />
188-->[com.stripe:payments-core:18.1.0] AndroidManifest.xml:51:17-76
188-->[com.stripe:payments-core:18.1.0] AndroidManifest.xml:51:27-73
189                <category android:name="android.intent.category.BROWSABLE" />
189-->[com.stripe:payments-core:18.1.0] AndroidManifest.xml:52:17-78
189-->[com.stripe:payments-core:18.1.0] AndroidManifest.xml:52:27-75
190
191                <data
191-->[com.stripe:payments-core:18.1.0] AndroidManifest.xml:55:17-58:50
192                    android:host="firebase.auth"
192-->[com.stripe:payments-core:18.1.0] AndroidManifest.xml:56:21-54
193                    android:path="/"
193-->[com.stripe:payments-core:18.1.0] AndroidManifest.xml:57:21-53
194                    android:scheme="genericidp" />
194-->[com.stripe:payments-core:18.1.0] AndroidManifest.xml:58:21-47
195            </intent-filter>
196        </activity>
197        <activity
197-->[com.google.firebase:firebase-auth:21.0.1] AndroidManifest.xml:45:9-62:20
198            android:name="com.google.firebase.auth.internal.RecaptchaActivity"
198-->[com.google.firebase:firebase-auth:21.0.1] AndroidManifest.xml:46:13-79
199            android:excludeFromRecents="true"
199-->[com.google.firebase:firebase-auth:21.0.1] AndroidManifest.xml:47:13-46
200            android:exported="true"
200-->[com.google.firebase:firebase-auth:21.0.1] AndroidManifest.xml:48:13-36
201            android:launchMode="singleTask"
201-->[com.google.firebase:firebase-auth:21.0.1] AndroidManifest.xml:49:13-44
202            android:theme="@android:style/Theme.Translucent.NoTitleBar" >
202-->[com.google.firebase:firebase-auth:21.0.1] AndroidManifest.xml:50:13-72
203            <intent-filter>
203-->[com.google.firebase:firebase-auth:21.0.1] AndroidManifest.xml:51:13-61:29
204                <action android:name="android.intent.action.VIEW" />
204-->[com.stripe:payments-core:18.1.0] AndroidManifest.xml:49:17-69
204-->[com.stripe:payments-core:18.1.0] AndroidManifest.xml:49:25-66
205
206                <category android:name="android.intent.category.DEFAULT" />
206-->[com.stripe:payments-core:18.1.0] AndroidManifest.xml:51:17-76
206-->[com.stripe:payments-core:18.1.0] AndroidManifest.xml:51:27-73
207                <category android:name="android.intent.category.BROWSABLE" />
207-->[com.stripe:payments-core:18.1.0] AndroidManifest.xml:52:17-78
207-->[com.stripe:payments-core:18.1.0] AndroidManifest.xml:52:27-75
208
209                <data
209-->[com.stripe:payments-core:18.1.0] AndroidManifest.xml:55:17-58:50
210                    android:host="firebase.auth"
210-->[com.stripe:payments-core:18.1.0] AndroidManifest.xml:56:21-54
211                    android:path="/"
211-->[com.stripe:payments-core:18.1.0] AndroidManifest.xml:57:21-53
212                    android:scheme="recaptcha" />
212-->[com.stripe:payments-core:18.1.0] AndroidManifest.xml:58:21-47
213            </intent-filter>
214        </activity>
215
216        <service
216-->[com.google.firebase:firebase-auth:21.0.1] AndroidManifest.xml:64:9-73:19
217            android:name="com.google.firebase.auth.api.fallback.service.FirebaseAuthFallbackService"
217-->[com.google.firebase:firebase-auth:21.0.1] AndroidManifest.xml:65:13-101
218            android:enabled="true"
218-->[com.google.firebase:firebase-auth:21.0.1] AndroidManifest.xml:66:13-35
219            android:exported="false" >
219-->[com.google.firebase:firebase-auth:21.0.1] AndroidManifest.xml:67:13-37
220            <intent-filter>
220-->[com.google.firebase:firebase-auth:21.0.1] AndroidManifest.xml:68:13-72:29
221                <action android:name="com.google.firebase.auth.api.gms.service.START" />
221-->[com.google.firebase:firebase-auth:21.0.1] AndroidManifest.xml:69:17-89
221-->[com.google.firebase:firebase-auth:21.0.1] AndroidManifest.xml:69:25-86
222
223                <category android:name="android.intent.category.DEFAULT" />
223-->[com.stripe:payments-core:18.1.0] AndroidManifest.xml:51:17-76
223-->[com.stripe:payments-core:18.1.0] AndroidManifest.xml:51:27-73
224            </intent-filter>
225        </service>
226
227        <provider
227-->[com.google.firebase:firebase-common:20.0.0] AndroidManifest.xml:26:9-31:39
228            android:name="com.google.firebase.provider.FirebaseInitProvider"
228-->[com.google.firebase:firebase-common:20.0.0] AndroidManifest.xml:27:13-77
229            android:authorities="com.example.shopsy.firebaseinitprovider"
229-->[com.google.firebase:firebase-common:20.0.0] AndroidManifest.xml:28:13-72
230            android:directBootAware="true"
230-->[com.google.firebase:firebase-common:20.0.0] AndroidManifest.xml:29:13-43
231            android:exported="false"
231-->[com.google.firebase:firebase-common:20.0.0] AndroidManifest.xml:30:13-37
232            android:initOrder="100" />
232-->[com.google.firebase:firebase-common:20.0.0] AndroidManifest.xml:31:13-36
233
234        <receiver
234-->[com.google.android.gms:play-services-measurement:19.0.2] AndroidManifest.xml:29:9-33:20
235            android:name="com.google.android.gms.measurement.AppMeasurementReceiver"
235-->[com.google.android.gms:play-services-measurement:19.0.2] AndroidManifest.xml:30:13-85
236            android:enabled="true"
236-->[com.google.android.gms:play-services-measurement:19.0.2] AndroidManifest.xml:31:13-35
237            android:exported="false" >
237-->[com.google.android.gms:play-services-measurement:19.0.2] AndroidManifest.xml:32:13-37
238        </receiver>
239
240        <service
240-->[com.google.android.gms:play-services-measurement:19.0.2] AndroidManifest.xml:35:9-38:40
241            android:name="com.google.android.gms.measurement.AppMeasurementService"
241-->[com.google.android.gms:play-services-measurement:19.0.2] AndroidManifest.xml:36:13-84
242            android:enabled="true"
242-->[com.google.android.gms:play-services-measurement:19.0.2] AndroidManifest.xml:37:13-35
243            android:exported="false" />
243-->[com.google.android.gms:play-services-measurement:19.0.2] AndroidManifest.xml:38:13-37
244        <service
244-->[com.google.android.gms:play-services-measurement:19.0.2] AndroidManifest.xml:39:9-43:72
245            android:name="com.google.android.gms.measurement.AppMeasurementJobService"
245-->[com.google.android.gms:play-services-measurement:19.0.2] AndroidManifest.xml:40:13-87
246            android:enabled="true"
246-->[com.google.android.gms:play-services-measurement:19.0.2] AndroidManifest.xml:41:13-35
247            android:exported="false"
247-->[com.google.android.gms:play-services-measurement:19.0.2] AndroidManifest.xml:42:13-37
248            android:permission="android.permission.BIND_JOB_SERVICE" /> <!-- Needs to be explicitly declared on P+ -->
248-->[com.google.android.gms:play-services-measurement:19.0.2] AndroidManifest.xml:43:13-69
249        <uses-library
249-->[com.google.android.gms:play-services-maps:17.0.0] AndroidManifest.xml:33:9-35:40
250            android:name="org.apache.http.legacy"
250-->[com.google.android.gms:play-services-maps:17.0.0] AndroidManifest.xml:34:13-50
251            android:required="false" />
251-->[com.google.android.gms:play-services-maps:17.0.0] AndroidManifest.xml:35:13-37
252
253        <activity
253-->[com.google.android.gms:play-services-base:17.5.0] AndroidManifest.xml:23:9-26:75
254            android:name="com.google.android.gms.common.api.GoogleApiActivity"
254-->[com.google.android.gms:play-services-base:17.5.0] AndroidManifest.xml:24:13-79
255            android:exported="false"
255-->[com.google.android.gms:play-services-base:17.5.0] AndroidManifest.xml:25:13-37
256            android:theme="@android:style/Theme.Translucent.NoTitleBar" />
256-->[com.google.android.gms:play-services-base:17.5.0] AndroidManifest.xml:26:13-72
257
258        <meta-data
258-->[com.google.android.gms:play-services-basement:17.5.0] AndroidManifest.xml:23:9-25:69
259            android:name="com.google.android.gms.version"
259-->[com.google.android.gms:play-services-basement:17.5.0] AndroidManifest.xml:24:13-58
260            android:value="@integer/google_play_services_version" />
260-->[com.google.android.gms:play-services-basement:17.5.0] AndroidManifest.xml:25:13-66
261
262        <provider
262-->[androidx.profileinstaller:profileinstaller:1.0.4] AndroidManifest.xml:26:9-34:20
263            android:name="androidx.startup.InitializationProvider"
263-->[androidx.profileinstaller:profileinstaller:1.0.4] AndroidManifest.xml:27:13-67
264            android:authorities="com.example.shopsy.androidx-startup"
264-->[androidx.profileinstaller:profileinstaller:1.0.4] AndroidManifest.xml:28:13-68
265            android:exported="false" >
265-->[androidx.profileinstaller:profileinstaller:1.0.4] AndroidManifest.xml:29:13-37
266            <meta-data
266-->[androidx.profileinstaller:profileinstaller:1.0.4] AndroidManifest.xml:31:13-33:52
267                android:name="androidx.profileinstaller.ProfileInstallerInitializer"
267-->[androidx.profileinstaller:profileinstaller:1.0.4] AndroidManifest.xml:32:17-85
268                android:value="androidx.startup" />
268-->[androidx.profileinstaller:profileinstaller:1.0.4] AndroidManifest.xml:33:17-49
269        </provider>
270
271        <receiver
271-->[androidx.profileinstaller:profileinstaller:1.0.4] AndroidManifest.xml:36:9-45:20
272            android:name="androidx.profileinstaller.ProfileInstallReceiver"
272-->[androidx.profileinstaller:profileinstaller:1.0.4] AndroidManifest.xml:37:13-76
273            android:directBootAware="false"
273-->[androidx.profileinstaller:profileinstaller:1.0.4] AndroidManifest.xml:38:13-44
274            android:enabled="true"
274-->[androidx.profileinstaller:profileinstaller:1.0.4] AndroidManifest.xml:39:13-35
275            android:exported="true"
275-->[androidx.profileinstaller:profileinstaller:1.0.4] AndroidManifest.xml:40:13-36
276            android:permission="android.permission.DUMP" >
276-->[androidx.profileinstaller:profileinstaller:1.0.4] AndroidManifest.xml:41:13-57
277            <intent-filter>
277-->[androidx.profileinstaller:profileinstaller:1.0.4] AndroidManifest.xml:42:13-44:29
278                <action android:name="androidx.profileinstaller.action.INSTALL_PROFILE" />
278-->[androidx.profileinstaller:profileinstaller:1.0.4] AndroidManifest.xml:43:17-91
278-->[androidx.profileinstaller:profileinstaller:1.0.4] AndroidManifest.xml:43:25-88
279            </intent-filter>
280        </receiver>
281    </application>
282
283</manifest>